Build started 06/10/2015 14:54:54.
     1>Project "D:\Aldo\TVZ\Erasmus\Predmeti\Desarollo de Sistemas Graficos\Novi\DSG-2015\OpenGL-base\Lab1.vcxproj" on node 2 (Build target(s)).
     1>ClCompile:
         C:\Program Files (x86)\Microsoft Visual Studio 12.0\VC\bin\CL.exe /c /ZI /nologo /W3 /WX- /Od /Oy- /D WIN32 /D _DEBUG /D _CONSOLE /D _UNICODE /D UNICODE /Gm /EHsc /RTC1 /MDd /GS /fp:precise /Zc:wchar_t /Zc:forScope /Yu"stdafx.h" /Fp"Debug\Fixed-pipeline Open-GL.pch" /Fo"Debug\\" /Fd"Debug\vc120.pdb" /Gd /TP /analyze- /errorReport:prompt main.cpp
         main.cpp
     1>d:\aldo\tvz\erasmus\predmeti\desarollo de sistemas graficos\novi\dsg-2015\opengl-base\main.cpp(198): warning C4305: '+=' : truncation from 'double' to 'float'
     1>d:\aldo\tvz\erasmus\predmeti\desarollo de sistemas graficos\novi\dsg-2015\opengl-base\main.cpp(207): warning C4244: '-=' : conversion from 'double' to 'float', possible loss of data
     1>d:\aldo\tvz\erasmus\predmeti\desarollo de sistemas graficos\novi\dsg-2015\opengl-base\main.cpp(208): warning C4244: '-=' : conversion from 'double' to 'float', possible loss of data
     1>d:\aldo\tvz\erasmus\predmeti\desarollo de sistemas graficos\novi\dsg-2015\opengl-base\main.cpp(212): warning C4244: '+=' : conversion from 'double' to 'float', possible loss of data
     1>d:\aldo\tvz\erasmus\predmeti\desarollo de sistemas graficos\novi\dsg-2015\opengl-base\main.cpp(213): warning C4244: '+=' : conversion from 'double' to 'float', possible loss of data
     1>d:\aldo\tvz\erasmus\predmeti\desarollo de sistemas graficos\novi\dsg-2015\opengl-base\main.cpp(217): warning C4305: '+=' : truncation from 'double' to 'float'
     1>d:\aldo\tvz\erasmus\predmeti\desarollo de sistemas graficos\novi\dsg-2015\opengl-base\main.cpp(221): warning C4305: '-=' : truncation from 'double' to 'float'
     1>d:\aldo\tvz\erasmus\predmeti\desarollo de sistemas graficos\novi\dsg-2015\opengl-base\main.cpp(229): warning C4244: '+=' : conversion from 'double' to 'float', possible loss of data
       Link:
         C:\Program Files (x86)\Microsoft Visual Studio 12.0\VC\bin\link.exe /ERRORREPORT:PROMPT /OUT:"D:\Aldo\TVZ\Erasmus\Predmeti\Desarollo de Sistemas Graficos\Novi\DSG-2015\Debug\Fixed-pipeline Open-GL.exe" /INCREMENTAL /NOLOGO kernel32.lib user32.lib gdi32.lib winspool.lib comdlg32.lib advapi32.lib shell32.lib ole32.lib oleaut32.lib uuid.lib odbc32.lib odbccp32.lib /MANIFEST /MANIFESTUAC:"level='asInvoker' uiAccess='false'" /manifest:embed /DEBUG /PDB:"D:\Aldo\TVZ\Erasmus\Predmeti\Desarollo de Sistemas Graficos\Novi\DSG-2015\Debug\Fixed-pipeline Open-GL.pdb" /SUBSYSTEM:CONSOLE /TLBID:1 /DYNAMICBASE /NXCOMPAT /IMPLIB:"D:\Aldo\TVZ\Erasmus\Predmeti\Desarollo de Sistemas Graficos\Novi\DSG-2015\Debug\Fixed-pipeline Open-GL.lib" /MACHINE:X86 /SAFESEH Debug\CCube.obj
         Debug\main.obj
         Debug\stdafx.obj
         Lab1.vcxproj -> D:\Aldo\TVZ\Erasmus\Predmeti\Desarollo de Sistemas Graficos\Novi\DSG-2015\Debug\Fixed-pipeline Open-GL.exe
     1>Done Building Project "D:\Aldo\TVZ\Erasmus\Predmeti\Desarollo de Sistemas Graficos\Novi\DSG-2015\OpenGL-base\Lab1.vcxproj" (Build target(s)).

Build succeeded.

Time Elapsed 00:00:00.99
