10:53:23: Creating resource group General
10:53:23: Creating resource group Internal
10:53:23: Creating resource group Autodetect
10:53:23: SceneManagerFactory for type 'DefaultSceneManager' registered.
10:53:23: Registering ResourceManager for type Material
10:53:23: Registering ResourceManager for type Mesh
10:53:23: Registering ResourceManager for type Skeleton
10:53:23: MovableObjectFactory for type 'ParticleSystem' registered.
10:53:23: ArchiveFactory for archive type FileSystem registered.
10:53:23: ArchiveFactory for archive type Zip registered.
10:53:23: ArchiveFactory for archive type EmbeddedZip registered.
10:53:23: DDS codec registering
10:53:23: FreeImage version: 3.15.3
10:53:23: This program uses FreeImage, a free, open source image library supporting all common bitmap formats. See http://freeimage.sourceforge.net for details
10:53:23: Supported formats: bmp,ico,jpg,jif,jpeg,jpe,jng,koa,iff,lbm,mng,pbm,pbm,pcd,pcx,pgm,pgm,png,ppm,ppm,ras,tga,targa,tif,tiff,wap,wbmp,wbm,psd,cut,xbm,xpm,gif,hdr,g3,sgi,exr,j2k,j2c,jp2,pfm,pct,pict,pic,3fr,arw,bay,bmq,cap,cine,cr2,crw,cs1,dc2,dcr,drf,dsc,dng,erf,fff,ia,iiq,k25,kc2,kdc,mdc,mef,mos,mrw,nef,nrw,orf,pef,ptx,pxn,qtk,raf,raw,rdc,rw2,rwl,rwz,sr2,srf,srw,sti
10:53:23: Registering ResourceManager for type HighLevelGpuProgram
10:53:23: Registering ResourceManager for type Compositor
10:53:23: MovableObjectFactory for type 'Entity' registered.
10:53:23: MovableObjectFactory for type 'Light' registered.
10:53:23: MovableObjectFactory for type 'BillboardSet' registered.
10:53:23: MovableObjectFactory for type 'ManualObject' registered.
10:53:23: MovableObjectFactory for type 'BillboardChain' registered.
10:53:23: MovableObjectFactory for type 'RibbonTrail' registered.
10:53:23: Loading library D:\DSG-libs\bin\RenderSystem_Direct3D9_d
10:53:23: Installing plugin: D3D9 RenderSystem
10:53:23: D3D9 : Direct3D9 Rendering Subsystem created.
10:53:23: D3D9: Driver Detection Starts
10:53:23: D3D9: Driver Detection Ends
10:53:23: Plugin successfully installed
10:53:23: Loading library D:\DSG-libs\bin\RenderSystem_GL_d
10:53:23: Installing plugin: GL RenderSystem
10:53:23: OpenGL Rendering Subsystem created.
10:53:23: Plugin successfully installed
10:53:23: Loading library D:\DSG-libs\bin\Plugin_BSPSceneManager_d
10:53:23: Installing plugin: BSP Scene Manager
10:53:23: Plugin successfully installed
10:53:23: Loading library D:\DSG-libs\bin\Plugin_OctreeSceneManager_d
10:53:23: Installing plugin: Octree Scene Manager
10:53:23: Plugin successfully installed
10:53:23: *-*-* OGRE Initialising
10:53:23: *-*-* Version 1.9.0 (Ghadamon)
10:53:23: D3D9 : RenderSystem Option: Allow DirectX9Ex = No
10:53:23: D3D9 : RenderSystem Option: Allow NVPerfHUD = No
10:53:23: D3D9 : RenderSystem Option: FSAA = 0
10:53:23: D3D9 : RenderSystem Option: Fixed Pipeline Enabled = Yes
10:53:23: D3D9 : RenderSystem Option: Floating-point mode = Fastest
10:53:23: D3D9 : RenderSystem Option: Full Screen = No
10:53:23: D3D9 : RenderSystem Option: Multi device memory hint = Use minimum system memory
10:53:23: D3D9 : RenderSystem Option: Rendering Device = Monitor-1-Intel(R) 82945G Express Chipset Family
10:53:23: D3D9 : RenderSystem Option: Resource Creation Policy = Create on all devices
10:53:23: D3D9 : RenderSystem Option: Use Multihead = Auto
10:53:23: D3D9 : RenderSystem Option: VSync = No
10:53:23: D3D9 : RenderSystem Option: VSync Interval = 1
10:53:23: D3D9 : RenderSystem Option: Video Mode = 800 x 600 @ 32-bit colour
10:53:23: D3D9 : RenderSystem Option: sRGB Gamma Conversion = No
10:53:25: CPU Identifier & Features
10:53:25: -------------------------
10:53:25:  *   CPU ID: GenuineIntel: Intel(R) Pentium(R) 4 CPU 3.00GHz
10:53:25:  *      SSE: yes
10:53:25:  *     SSE2: yes
10:53:25:  *     SSE3: yes
10:53:25:  *      MMX: yes
10:53:25:  *   MMXEXT: yes
10:53:25:  *    3DNOW: no
10:53:25:  * 3DNOWEXT: no
10:53:25:  *     CMOV: yes
10:53:25:  *      TSC: yes
10:53:25:  *      FPU: yes
10:53:25:  *      PRO: yes
10:53:25:  *       HT: yes
10:53:25: -------------------------
10:53:25: D3D9 : Subsystem Initialising
10:53:25: Registering ResourceManager for type Texture
10:53:25: Registering ResourceManager for type GpuProgram
10:53:25: D3D9RenderSystem::_createRenderWindow "MyWindow", 800x600 windowed  miscParams: FSAA=0 FSAAHint= colourDepth=32 gamma=false monitorIndex=0 useNVPerfHUD=false vsync=false vsyncInterval=1 
10:53:25: D3D9 : Created D3D9 Rendering Window 'MyWindow' : 800x600, 32bpp
10:53:25: D3D9 : WARNING - disabling VSync in windowed mode can cause timing issues at lower frame rates, turn VSync on if you observe this problem.
10:53:26: RenderSystem capabilities
10:53:26: -------------------------
10:53:26: RenderSystem Name: Direct3D9 Rendering Subsystem
10:53:26: GPU Vendor: intel
10:53:26: Device Name: Monitor-1-Intel(R) 82945G Express Chipset Family
10:53:26: Driver Version: 8.14.10.1930
10:53:26:  * Fixed function pipeline: yes
10:53:26:  * Hardware generation of mipmaps: yes
10:53:26:  * Texture blending: yes
10:53:26:  * Anisotropic texture filtering: yes
10:53:26:  * Dot product texture operation: yes
10:53:26:  * Cube mapping: yes
10:53:26:  * Hardware stencil buffer: yes
10:53:26:    - Stencil depth: 8
10:53:26:    - Two sided stencil support: yes
10:53:26:    - Wrap stencil values: yes
10:53:26:  * Hardware vertex / index buffers: yes
10:53:26:  * Vertex programs: yes
10:53:26:  * Number of floating-point constants for vertex programs: 0
10:53:26:  * Number of integer constants for vertex programs: 16
10:53:26:  * Number of boolean constants for vertex programs: 16
10:53:26:  * Fragment programs: yes
10:53:26:  * Number of floating-point constants for fragment programs: 32
10:53:26:  * Number of integer constants for fragment programs: 16
10:53:26:  * Number of boolean constants for fragment programs: 16
10:53:26:  * Geometry programs: no
10:53:26:  * Number of floating-point constants for geometry programs: 0
10:53:26:  * Number of integer constants for geometry programs: 0
10:53:26:  * Number of boolean constants for geometry programs: 0
10:53:26:  * Tesselation Hull programs: no
10:53:26:  * Number of floating-point constants for tesselation hull programs: 0
10:53:26:  * Number of integer constants for tesselation hull programs: 0
10:53:26:  * Number of boolean constants for tesselation hull programs: 0
10:53:26:  * Tesselation Domain programs: no
10:53:26:  * Number of floating-point constants for tesselation domain programs: 0
10:53:26:  * Number of integer constants for tesselation domain programs: 0
10:53:26:  * Number of boolean constants for tesselation domain programs: 0
10:53:26:  * Compute programs: no
10:53:26:  * Number of floating-point constants for compute programs: 0
10:53:26:  * Number of integer constants for compute programs: 0
10:53:26:  * Number of boolean constants for compute programs: 0
10:53:26:  * Supported Shader Profiles: hlsl ps_1_1 ps_1_2 ps_1_3 ps_1_4 ps_2_0 vs_1_1 vs_2_0 vs_3_0
10:53:26:  * Texture Compression: yes
10:53:26:    - DXT: yes
10:53:26:    - VTC: no
10:53:26:    - PVRTC: no
10:53:26:    - ATC: no
10:53:26:    - ETC1: no
10:53:26:    - ETC2: no
10:53:26:    - BC4/BC5: no
10:53:26:    - BC6H/BC7: no
10:53:26:  * Scissor Rectangle: yes
10:53:26:  * Hardware Occlusion Query: no
10:53:26:  * User clip planes: no
10:53:26:  * VET_UBYTE4 vertex element type: no
10:53:26:  * Infinite far plane projection: yes
10:53:26:  * Hardware render-to-texture: yes
10:53:26:  * Floating point textures: no
10:53:26:  * Non-power-of-two textures: yes (limited)
10:53:26:  * 1d textures: yes
10:53:26:  * Volume textures: yes
10:53:26:  * Multiple Render Targets: 1
10:53:26:    - With different bit depths: no
10:53:26:  * Point Sprites: yes
10:53:26:  * Extended point parameters: yes
10:53:26:  * Max Point Size: 256
10:53:26:  * Vertex texture fetch: no
10:53:26:  * Number of world matrices: 0
10:53:26:  * Number of texture units: 8
10:53:26:  * Stencil buffer depth: 8
10:53:26:  * Number of vertex blend matrices: 0
10:53:26:  * Render to Vertex Buffer : no
10:53:26:  * Hardware Atomic Counters: no
10:53:26:  * DirectX per stage constants: yes
10:53:26: ***************************************
10:53:26: *** D3D9 : Subsystem Initialised OK ***
10:53:26: ***************************************
10:53:26: DefaultWorkQueue('Root') initialising on thread 11c4.
10:53:26: Particle Renderer Type 'billboard' registered
10:53:26: SceneManagerFactory for type 'BspSceneManager' registered.
10:53:26: Registering ResourceManager for type BspLevel
10:53:26: SceneManagerFactory for type 'OctreeSceneManager' registered.
10:53:26: DefaultWorkQueue('Root')::WorkerFunc - thread 1300 starting.
10:53:26: DefaultWorkQueue('Root')::WorkerFunc - thread 12a8 starting.
10:53:26: Added resource location '../media/materials/textures' of type 'FileSystem' to resource group 'General'
10:53:26: Added resource location '../media/materials/scripts' of type 'FileSystem' to resource group 'General'
10:53:26: Added resource location '../media/models' of type 'FileSystem' to resource group 'General'
10:53:26: Added resource location '../media/materials/programs/hlsl' of type 'FileSystem' to resource group 'General'
10:53:26: Parsing scripts for resource group Autodetect
10:53:26: Finished parsing scripts for resource group Autodetect
10:53:26: Creating resources for group Autodetect
10:53:26: All done
10:53:26: Parsing scripts for resource group General
10:53:26: Parsing script DualQuaternion.program
10:53:26: Parsing script Examples.program
10:53:26: Parsing script Instancing.program
10:53:26: Parsing script StdQuad_vp.program
10:53:26: Parsing script AdaptivePNTrianglesTessellation.material
10:53:26: Parsing script ASCII.material
10:53:26: Parsing script ASMSwizzle.material
10:53:26: Compiler error: object unsupported by render system in ASMSwizzle.material(1): , Shader name: Ogre/GPTest/Swizzle_GP_ASM
10:53:26: Parsing script BlackAndWhite.material
10:53:26: Parsing script Bloom.material
10:53:26: OGRE EXCEPTION(3:RenderingAPIException): Cannot assemble D3D9 high-level shader Blur0_ps20 in D3D9HLSLProgram::loadFromSource at ..\..\..\..\..\RenderSystems\Direct3D9\src\OgreD3D9HLSLProgram.cpp (line 284)
10:53:26: High-level program Blur0_ps20 encountered an error during loading and is thus not supported.
OGRE EXCEPTION(3:RenderingAPIException): Cannot assemble D3D9 high-level shader Blur0_ps20 in D3D9HLSLProgram::loadFromSource at ..\..\..\..\..\RenderSystems\Direct3D9\src\OgreD3D9HLSLProgram.cpp (line 284)
10:53:26: OGRE EXCEPTION(3:RenderingAPIException): Cannot assemble D3D9 high-level shader Blur0_vs11 in D3D9HLSLProgram::loadFromSource at ..\..\..\..\..\RenderSystems\Direct3D9\src\OgreD3D9HLSLProgram.cpp (line 284)
10:53:26: High-level program Blur0_vs11 encountered an error during loading and is thus not supported.
OGRE EXCEPTION(3:RenderingAPIException): Cannot assemble D3D9 high-level shader Blur0_vs11 in D3D9HLSLProgram::loadFromSource at ..\..\..\..\..\RenderSystems\Direct3D9\src\OgreD3D9HLSLProgram.cpp (line 284)
10:53:26: OGRE EXCEPTION(3:RenderingAPIException): Cannot assemble D3D9 high-level shader Blur1_ps20 in D3D9HLSLProgram::loadFromSource at ..\..\..\..\..\RenderSystems\Direct3D9\src\OgreD3D9HLSLProgram.cpp (line 284)
10:53:26: High-level program Blur1_ps20 encountered an error during loading and is thus not supported.
OGRE EXCEPTION(3:RenderingAPIException): Cannot assemble D3D9 high-level shader Blur1_ps20 in D3D9HLSLProgram::loadFromSource at ..\..\..\..\..\RenderSystems\Direct3D9\src\OgreD3D9HLSLProgram.cpp (line 284)
10:53:26: OGRE EXCEPTION(3:RenderingAPIException): Cannot assemble D3D9 high-level shader Blur1_vs11 in D3D9HLSLProgram::loadFromSource at ..\..\..\..\..\RenderSystems\Direct3D9\src\OgreD3D9HLSLProgram.cpp (line 284)
10:53:26: High-level program Blur1_vs11 encountered an error during loading and is thus not supported.
OGRE EXCEPTION(3:RenderingAPIException): Cannot assemble D3D9 high-level shader Blur1_vs11 in D3D9HLSLProgram::loadFromSource at ..\..\..\..\..\RenderSystems\Direct3D9\src\OgreD3D9HLSLProgram.cpp (line 284)
10:53:26: Parsing script Bloom2.material
10:53:26: OGRE EXCEPTION(3:RenderingAPIException): Cannot assemble D3D9 high-level shader BlurH_ps20_hlsl in D3D9HLSLProgram::loadFromSource at ..\..\..\..\..\RenderSystems\Direct3D9\src\OgreD3D9HLSLProgram.cpp (line 284)
10:53:26: High-level program BlurH_ps20_hlsl encountered an error during loading and is thus not supported.
OGRE EXCEPTION(3:RenderingAPIException): Cannot assemble D3D9 high-level shader BlurH_ps20_hlsl in D3D9HLSLProgram::loadFromSource at ..\..\..\..\..\RenderSystems\Direct3D9\src\OgreD3D9HLSLProgram.cpp (line 284)
10:53:26: OGRE EXCEPTION(3:RenderingAPIException): Cannot assemble D3D9 high-level shader Blur_vs11_hlsl in D3D9HLSLProgram::loadFromSource at ..\..\..\..\..\RenderSystems\Direct3D9\src\OgreD3D9HLSLProgram.cpp (line 284)
10:53:26: High-level program Blur_vs11_hlsl encountered an error during loading and is thus not supported.
OGRE EXCEPTION(3:RenderingAPIException): Cannot assemble D3D9 high-level shader Blur_vs11_hlsl in D3D9HLSLProgram::loadFromSource at ..\..\..\..\..\RenderSystems\Direct3D9\src\OgreD3D9HLSLProgram.cpp (line 284)
10:53:26: OGRE EXCEPTION(3:RenderingAPIException): Cannot assemble D3D9 high-level shader BlurV_ps20_hlsl in D3D9HLSLProgram::loadFromSource at ..\..\..\..\..\RenderSystems\Direct3D9\src\OgreD3D9HLSLProgram.cpp (line 284)
10:53:26: High-level program BlurV_ps20_hlsl encountered an error during loading and is thus not supported.
OGRE EXCEPTION(3:RenderingAPIException): Cannot assemble D3D9 high-level shader BlurV_ps20_hlsl in D3D9HLSLProgram::loadFromSource at ..\..\..\..\..\RenderSystems\Direct3D9\src\OgreD3D9HLSLProgram.cpp (line 284)
10:53:26: OGRE EXCEPTION(3:RenderingAPIException): Cannot assemble D3D9 high-level shader Bloom2_ps20_hlsl in D3D9HLSLProgram::loadFromSource at ..\..\..\..\..\RenderSystems\Direct3D9\src\OgreD3D9HLSLProgram.cpp (line 284)
10:53:26: High-level program Bloom2_ps20_hlsl encountered an error during loading and is thus not supported.
OGRE EXCEPTION(3:RenderingAPIException): Cannot assemble D3D9 high-level shader Bloom2_ps20_hlsl in D3D9HLSLProgram::loadFromSource at ..\..\..\..\..\RenderSystems\Direct3D9\src\OgreD3D9HLSLProgram.cpp (line 284)
10:53:26: OGRE EXCEPTION(2:InvalidParametersException): Named constants have not been initialised, perhaps a compile error. in GpuProgramParameters::_findNamedConstantDefinition at ..\..\..\..\OgreMain\src\OgreGpuProgramParams.cpp (line 1709)
10:53:26: Compiler error: invalid parameters in Bloom2.material(323): setting of constant failed
10:53:26: OGRE EXCEPTION(2:InvalidParametersException): Named constants have not been initialised, perhaps a compile error. in GpuProgramParameters::_findNamedConstantDefinition at ..\..\..\..\OgreMain\src\OgreGpuProgramParams.cpp (line 1709)
10:53:26: Compiler error: invalid parameters in Bloom2.material(324): setting of constant failed
10:53:27: OGRE EXCEPTION(3:RenderingAPIException): Cannot assemble D3D9 high-level shader BrightBloom2_ps20_hlsl in D3D9HLSLProgram::loadFromSource at ..\..\..\..\..\RenderSystems\Direct3D9\src\OgreD3D9HLSLProgram.cpp (line 284)
10:53:27: High-level program BrightBloom2_ps20_hlsl encountered an error during loading and is thus not supported.
OGRE EXCEPTION(3:RenderingAPIException): Cannot assemble D3D9 high-level shader BrightBloom2_ps20_hlsl in D3D9HLSLProgram::loadFromSource at ..\..\..\..\..\RenderSystems\Direct3D9\src\OgreD3D9HLSLProgram.cpp (line 284)
10:53:27: Parsing script CGSwizzle.material
10:53:27: Parsing script CompositorDemo.material
10:53:27: Parsing script DepthShadowmap.material
10:53:27: OGRE EXCEPTION(3:RenderingAPIException): Cannot assemble D3D9 high-level shader Ogre/DepthShadowmap/CasterVP_HLSL in D3D9HLSLProgram::loadFromSource at ..\..\..\..\..\RenderSystems\Direct3D9\src\OgreD3D9HLSLProgram.cpp (line 284)
10:53:27: High-level program Ogre/DepthShadowmap/CasterVP_HLSL encountered an error during loading and is thus not supported.
OGRE EXCEPTION(3:RenderingAPIException): Cannot assemble D3D9 high-level shader Ogre/DepthShadowmap/CasterVP_HLSL in D3D9HLSLProgram::loadFromSource at ..\..\..\..\..\RenderSystems\Direct3D9\src\OgreD3D9HLSLProgram.cpp (line 284)
10:53:27: OGRE EXCEPTION(2:InvalidParametersException): Named constants have not been initialised, perhaps a compile error. in GpuProgramParameters::_findNamedConstantDefinition at ..\..\..\..\OgreMain\src\OgreGpuProgramParams.cpp (line 1709)
10:53:27: Compiler error: invalid parameters in DepthShadowmap.material(12): setting of constant failed
10:53:27: OGRE EXCEPTION(2:InvalidParametersException): Named constants have not been initialised, perhaps a compile error. in GpuProgramParameters::_findNamedConstantDefinition at ..\..\..\..\OgreMain\src\OgreGpuProgramParams.cpp (line 1709)
10:53:27: Compiler error: invalid parameters in DepthShadowmap.material(13): setting of constant failed
10:53:27: OGRE EXCEPTION(3:RenderingAPIException): Cannot assemble D3D9 high-level shader Ogre/DepthShadowmap/CasterFP_HLSL in D3D9HLSLProgram::loadFromSource at ..\..\..\..\..\RenderSystems\Direct3D9\src\OgreD3D9HLSLProgram.cpp (line 284)
10:53:27: High-level program Ogre/DepthShadowmap/CasterFP_HLSL encountered an error during loading and is thus not supported.
OGRE EXCEPTION(3:RenderingAPIException): Cannot assemble D3D9 high-level shader Ogre/DepthShadowmap/CasterFP_HLSL in D3D9HLSLProgram::loadFromSource at ..\..\..\..\..\RenderSystems\Direct3D9\src\OgreD3D9HLSLProgram.cpp (line 284)
10:53:27: OGRE EXCEPTION(3:RenderingAPIException): Cannot assemble D3D9 high-level shader Ogre/DepthShadowmap/ReceiverVP_HLSL in D3D9HLSLProgram::loadFromSource at ..\..\..\..\..\RenderSystems\Direct3D9\src\OgreD3D9HLSLProgram.cpp (line 284)
10:53:27: High-level program Ogre/DepthShadowmap/ReceiverVP_HLSL encountered an error during loading and is thus not supported.
OGRE EXCEPTION(3:RenderingAPIException): Cannot assemble D3D9 high-level shader Ogre/DepthShadowmap/ReceiverVP_HLSL in D3D9HLSLProgram::loadFromSource at ..\..\..\..\..\RenderSystems\Direct3D9\src\OgreD3D9HLSLProgram.cpp (line 284)
10:53:27: OGRE EXCEPTION(2:InvalidParametersException): Named constants have not been initialised, perhaps a compile error. in GpuProgramParameters::_findNamedConstantDefinition at ..\..\..\..\OgreMain\src\OgreGpuProgramParams.cpp (line 1709)
10:53:27: Compiler error: invalid parameters in DepthShadowmap.material(38): setting of constant failed
10:53:27: OGRE EXCEPTION(2:InvalidParametersException): Named constants have not been initialised, perhaps a compile error. in GpuProgramParameters::_findNamedConstantDefinition at ..\..\..\..\OgreMain\src\OgreGpuProgramParams.cpp (line 1709)
10:53:27: Compiler error: invalid parameters in DepthShadowmap.material(39): setting of constant failed
10:53:27: OGRE EXCEPTION(2:InvalidParametersException): Named constants have not been initialised, perhaps a compile error. in GpuProgramParameters::_findNamedConstantDefinition at ..\..\..\..\OgreMain\src\OgreGpuProgramParams.cpp (line 1709)
10:53:27: Compiler error: invalid parameters in DepthShadowmap.material(40): setting of constant failed
10:53:27: OGRE EXCEPTION(2:InvalidParametersException): Named constants have not been initialised, perhaps a compile error. in GpuProgramParameters::_findNamedConstantDefinition at ..\..\..\..\OgreMain\src\OgreGpuProgramParams.cpp (line 1709)
10:53:27: Compiler error: invalid parameters in DepthShadowmap.material(41): setting of constant failed
10:53:27: OGRE EXCEPTION(2:InvalidParametersException): Named constants have not been initialised, perhaps a compile error. in GpuProgramParameters::_findNamedConstantDefinition at ..\..\..\..\OgreMain\src\OgreGpuProgramParams.cpp (line 1709)
10:53:27: Compiler error: invalid parameters in DepthShadowmap.material(42): setting of constant failed
10:53:27: OGRE EXCEPTION(2:InvalidParametersException): Named constants have not been initialised, perhaps a compile error. in GpuProgramParameters::_findNamedConstantDefinition at ..\..\..\..\OgreMain\src\OgreGpuProgramParams.cpp (line 1709)
10:53:27: Compiler error: invalid parameters in DepthShadowmap.material(43): setting of constant failed
10:53:27: OGRE EXCEPTION(3:RenderingAPIException): Cannot assemble D3D9 high-level shader Ogre/DepthShadowmap/ReceiverFP_HLSL in D3D9HLSLProgram::loadFromSource at ..\..\..\..\..\RenderSystems\Direct3D9\src\OgreD3D9HLSLProgram.cpp (line 284)
10:53:27: High-level program Ogre/DepthShadowmap/ReceiverFP_HLSL encountered an error during loading and is thus not supported.
OGRE EXCEPTION(3:RenderingAPIException): Cannot assemble D3D9 high-level shader Ogre/DepthShadowmap/ReceiverFP_HLSL in D3D9HLSLProgram::loadFromSource at ..\..\..\..\..\RenderSystems\Direct3D9\src\OgreD3D9HLSLProgram.cpp (line 284)
10:53:27: OGRE EXCEPTION(2:InvalidParametersException): Named constants have not been initialised, perhaps a compile error. in GpuProgramParameters::_findNamedConstantDefinition at ..\..\..\..\OgreMain\src\OgreGpuProgramParams.cpp (line 1709)
10:53:27: Compiler error: invalid parameters in DepthShadowmap.material(58): setting of constant failed
10:53:27: OGRE EXCEPTION(2:InvalidParametersException): Named constants have not been initialised, perhaps a compile error. in GpuProgramParameters::_findNamedConstantDefinition at ..\..\..\..\OgreMain\src\OgreGpuProgramParams.cpp (line 1709)
10:53:27: Compiler error: invalid parameters in DepthShadowmap.material(59): setting of constant failed
10:53:27: OGRE EXCEPTION(2:InvalidParametersException): Named constants have not been initialised, perhaps a compile error. in GpuProgramParameters::_findNamedConstantDefinition at ..\..\..\..\OgreMain\src\OgreGpuProgramParams.cpp (line 1709)
10:53:27: Compiler error: invalid parameters in DepthShadowmap.material(60): setting of constant failed
10:53:27: OGRE EXCEPTION(2:InvalidParametersException): Named constants have not been initialised, perhaps a compile error. in GpuProgramParameters::_findNamedConstantDefinition at ..\..\..\..\OgreMain\src\OgreGpuProgramParams.cpp (line 1709)
10:53:27: Compiler error: invalid parameters in DepthShadowmap.material(61): setting of constant failed
10:53:27: OGRE EXCEPTION(3:RenderingAPIException): Cannot assemble D3D9 high-level shader Ogre/DepthShadowmap/ReceiverFPPCF_HLSL in D3D9HLSLProgram::loadFromSource at ..\..\..\..\..\RenderSystems\Direct3D9\src\OgreD3D9HLSLProgram.cpp (line 284)
10:53:27: High-level program Ogre/DepthShadowmap/ReceiverFPPCF_HLSL encountered an error during loading and is thus not supported.
OGRE EXCEPTION(3:RenderingAPIException): Cannot assemble D3D9 high-level shader Ogre/DepthShadowmap/ReceiverFPPCF_HLSL in D3D9HLSLProgram::loadFromSource at ..\..\..\..\..\RenderSystems\Direct3D9\src\OgreD3D9HLSLProgram.cpp (line 284)
10:53:27: OGRE EXCEPTION(2:InvalidParametersException): Named constants have not been initialised, perhaps a compile error. in GpuProgramParameters::_findNamedConstantDefinition at ..\..\..\..\OgreMain\src\OgreGpuProgramParams.cpp (line 1709)
10:53:27: Compiler error: invalid parameters in DepthShadowmap.material(75): setting of constant failed
10:53:27: OGRE EXCEPTION(2:InvalidParametersException): Named constants have not been initialised, perhaps a compile error. in GpuProgramParameters::_findNamedConstantDefinition at ..\..\..\..\OgreMain\src\OgreGpuProgramParams.cpp (line 1709)
10:53:27: Compiler error: invalid parameters in DepthShadowmap.material(76): setting of constant failed
10:53:27: OGRE EXCEPTION(2:InvalidParametersException): Named constants have not been initialised, perhaps a compile error. in GpuProgramParameters::_findNamedConstantDefinition at ..\..\..\..\OgreMain\src\OgreGpuProgramParams.cpp (line 1709)
10:53:27: Compiler error: invalid parameters in DepthShadowmap.material(77): setting of constant failed
10:53:27: OGRE EXCEPTION(3:RenderingAPIException): Cannot assemble D3D9 high-level shader Ogre/DepthShadowmap/NormalMapReceiverVP_HLSL in D3D9HLSLProgram::loadFromSource at ..\..\..\..\..\RenderSystems\Direct3D9\src\OgreD3D9HLSLProgram.cpp (line 284)
10:53:27: High-level program Ogre/DepthShadowmap/NormalMapReceiverVP_HLSL encountered an error during loading and is thus not supported.
OGRE EXCEPTION(3:RenderingAPIException): Cannot assemble D3D9 high-level shader Ogre/DepthShadowmap/NormalMapReceiverVP_HLSL in D3D9HLSLProgram::loadFromSource at ..\..\..\..\..\RenderSystems\Direct3D9\src\OgreD3D9HLSLProgram.cpp (line 284)
10:53:27: OGRE EXCEPTION(2:InvalidParametersException): Named constants have not been initialised, perhaps a compile error. in GpuProgramParameters::_findNamedConstantDefinition at ..\..\..\..\OgreMain\src\OgreGpuProgramParams.cpp (line 1709)
10:53:27: Compiler error: invalid parameters in DepthShadowmap.material(88): setting of constant failed
10:53:27: OGRE EXCEPTION(2:InvalidParametersException): Named constants have not been initialised, perhaps a compile error. in GpuProgramParameters::_findNamedConstantDefinition at ..\..\..\..\OgreMain\src\OgreGpuProgramParams.cpp (line 1709)
10:53:27: Compiler error: invalid parameters in DepthShadowmap.material(89): setting of constant failed
10:53:27: OGRE EXCEPTION(2:InvalidParametersException): Named constants have not been initialised, perhaps a compile error. in GpuProgramParameters::_findNamedConstantDefinition at ..\..\..\..\OgreMain\src\OgreGpuProgramParams.cpp (line 1709)
10:53:27: Compiler error: invalid parameters in DepthShadowmap.material(90): setting of constant failed
10:53:27: OGRE EXCEPTION(2:InvalidParametersException): Named constants have not been initialised, perhaps a compile error. in GpuProgramParameters::_findNamedConstantDefinition at ..\..\..\..\OgreMain\src\OgreGpuProgramParams.cpp (line 1709)
10:53:27: Compiler error: invalid parameters in DepthShadowmap.material(91): setting of constant failed
10:53:27: OGRE EXCEPTION(3:RenderingAPIException): Cannot assemble D3D9 high-level shader Ogre/DepthShadowmap/NormalMapReceiverFP_HLSL in D3D9HLSLProgram::loadFromSource at ..\..\..\..\..\RenderSystems\Direct3D9\src\OgreD3D9HLSLProgram.cpp (line 284)
10:53:27: High-level program Ogre/DepthShadowmap/NormalMapReceiverFP_HLSL encountered an error during loading and is thus not supported.
OGRE EXCEPTION(3:RenderingAPIException): Cannot assemble D3D9 high-level shader Ogre/DepthShadowmap/NormalMapReceiverFP_HLSL in D3D9HLSLProgram::loadFromSource at ..\..\..\..\..\RenderSystems\Direct3D9\src\OgreD3D9HLSLProgram.cpp (line 284)
10:53:27: OGRE EXCEPTION(2:InvalidParametersException): Named constants have not been initialised, perhaps a compile error. in GpuProgramParameters::_findNamedConstantDefinition at ..\..\..\..\OgreMain\src\OgreGpuProgramParams.cpp (line 1709)
10:53:27: Compiler error: invalid parameters in DepthShadowmap.material(105): setting of constant failed
10:53:27: OGRE EXCEPTION(2:InvalidParametersException): Named constants have not been initialised, perhaps a compile error. in GpuProgramParameters::_findNamedConstantDefinition at ..\..\..\..\OgreMain\src\OgreGpuProgramParams.cpp (line 1709)
10:53:27: Compiler error: invalid parameters in DepthShadowmap.material(106): setting of constant failed
10:53:27: OGRE EXCEPTION(2:InvalidParametersException): Named constants have not been initialised, perhaps a compile error. in GpuProgramParameters::_findNamedConstantDefinition at ..\..\..\..\OgreMain\src\OgreGpuProgramParams.cpp (line 1709)
10:53:27: Compiler error: invalid parameters in DepthShadowmap.material(107): setting of constant failed
10:53:27: OGRE EXCEPTION(2:InvalidParametersException): Named constants have not been initialised, perhaps a compile error. in GpuProgramParameters::_findNamedConstantDefinition at ..\..\..\..\OgreMain\src\OgreGpuProgramParams.cpp (line 1709)
10:53:27: Compiler error: invalid parameters in DepthShadowmap.material(108): setting of constant failed
10:53:27: OGRE EXCEPTION(2:InvalidParametersException): Named constants have not been initialised, perhaps a compile error. in GpuProgramParameters::_findNamedConstantDefinition at ..\..\..\..\OgreMain\src\OgreGpuProgramParams.cpp (line 1709)
10:53:27: Compiler error: invalid parameters in DepthShadowmap.material(109): setting of constant failed
10:53:27: OGRE EXCEPTION(3:RenderingAPIException): Cannot assemble D3D9 high-level shader Ogre/DepthShadowmap/NormalMapReceiverFPPCF_HLSL in D3D9HLSLProgram::loadFromSource at ..\..\..\..\..\RenderSystems\Direct3D9\src\OgreD3D9HLSLProgram.cpp (line 284)
10:53:27: High-level program Ogre/DepthShadowmap/NormalMapReceiverFPPCF_HLSL encountered an error during loading and is thus not supported.
OGRE EXCEPTION(3:RenderingAPIException): Cannot assemble D3D9 high-level shader Ogre/DepthShadowmap/NormalMapReceiverFPPCF_HLSL in D3D9HLSLProgram::loadFromSource at ..\..\..\..\..\RenderSystems\Direct3D9\src\OgreD3D9HLSLProgram.cpp (line 284)
10:53:27: OGRE EXCEPTION(2:InvalidParametersException): Named constants have not been initialised, perhaps a compile error. in GpuProgramParameters::_findNamedConstantDefinition at ..\..\..\..\OgreMain\src\OgreGpuProgramParams.cpp (line 1709)
10:53:27: Compiler error: invalid parameters in DepthShadowmap.material(122): setting of constant failed
10:53:27: OGRE EXCEPTION(2:InvalidParametersException): Named constants have not been initialised, perhaps a compile error. in GpuProgramParameters::_findNamedConstantDefinition at ..\..\..\..\OgreMain\src\OgreGpuProgramParams.cpp (line 1709)
10:53:27: Compiler error: invalid parameters in DepthShadowmap.material(123): setting of constant failed
10:53:27: OGRE EXCEPTION(2:InvalidParametersException): Named constants have not been initialised, perhaps a compile error. in GpuProgramParameters::_findNamedConstantDefinition at ..\..\..\..\OgreMain\src\OgreGpuProgramParams.cpp (line 1709)
10:53:27: Compiler error: invalid parameters in DepthShadowmap.material(124): setting of constant failed
10:53:27: OGRE EXCEPTION(2:InvalidParametersException): Named constants have not been initialised, perhaps a compile error. in GpuProgramParameters::_findNamedConstantDefinition at ..\..\..\..\OgreMain\src\OgreGpuProgramParams.cpp (line 1709)
10:53:27: Compiler error: invalid parameters in DepthShadowmap.material(125): setting of constant failed
10:53:27: OGRE EXCEPTION(2:InvalidParametersException): Named constants have not been initialised, perhaps a compile error. in GpuProgramParameters::_findNamedConstantDefinition at ..\..\..\..\OgreMain\src\OgreGpuProgramParams.cpp (line 1709)
10:53:27: Compiler error: invalid parameters in DepthShadowmap.material(126): setting of constant failed
10:53:27: Parsing script Dither.material
10:53:27: Parsing script DOF.material
10:53:27: Parsing script DualQuaternion.material
10:53:27: Parsing script Embossed.material
10:53:27: Parsing script Example-Water.material
10:53:27: Parsing script Examples-Advanced.material
10:53:27: Compiler error: object unsupported by render system in Examples-Advanced.material(938): , Shader name: Examples/TextureArrayPSasm
10:53:27: Parsing script Examples-DynTex.material
10:53:28: Parsing script Examples-Water.material
10:53:28: Parsing script Examples.material
10:53:29: Parsing script facial.material
10:53:29: Parsing script Glass.material
10:53:29: Parsing script GLSLSwizzle.material
10:53:29: Parsing script Halftone.material
10:53:29: Parsing script hdr.material
10:53:29: OGRE EXCEPTION(3:RenderingAPIException): Cannot assemble D3D9 high-level shader Ogre/Compositor/HDR/downscale2x2LuminenceHLSL_fp in D3D9HLSLProgram::loadFromSource at ..\..\..\..\..\RenderSystems\Direct3D9\src\OgreD3D9HLSLProgram.cpp (line 284)
10:53:29: High-level program Ogre/Compositor/HDR/downscale2x2LuminenceHLSL_fp encountered an error during loading and is thus not supported.
OGRE EXCEPTION(3:RenderingAPIException): Cannot assemble D3D9 high-level shader Ogre/Compositor/HDR/downscale2x2LuminenceHLSL_fp in D3D9HLSLProgram::loadFromSource at ..\..\..\..\..\RenderSystems\Direct3D9\src\OgreD3D9HLSLProgram.cpp (line 284)
10:53:29: OGRE EXCEPTION(2:InvalidParametersException): Named constants have not been initialised, perhaps a compile error. in GpuProgramParameters::_findNamedConstantDefinition at ..\..\..\..\OgreMain\src\OgreGpuProgramParams.cpp (line 1709)
10:53:29: Compiler error: invalid parameters in hdr.material(40): setting of constant failed
10:53:29: OGRE EXCEPTION(3:RenderingAPIException): Cannot assemble D3D9 high-level shader Ogre/Compositor/HDR/downscale3x3HLSL_fp in D3D9HLSLProgram::loadFromSource at ..\..\..\..\..\RenderSystems\Direct3D9\src\OgreD3D9HLSLProgram.cpp (line 284)
10:53:29: High-level program Ogre/Compositor/HDR/downscale3x3HLSL_fp encountered an error during loading and is thus not supported.
OGRE EXCEPTION(3:RenderingAPIException): Cannot assemble D3D9 high-level shader Ogre/Compositor/HDR/downscale3x3HLSL_fp in D3D9HLSLProgram::loadFromSource at ..\..\..\..\..\RenderSystems\Direct3D9\src\OgreD3D9HLSLProgram.cpp (line 284)
10:53:29: OGRE EXCEPTION(2:InvalidParametersException): Named constants have not been initialised, perhaps a compile error. in GpuProgramParameters::_findNamedConstantDefinition at ..\..\..\..\OgreMain\src\OgreGpuProgramParams.cpp (line 1709)
10:53:29: Compiler error: invalid parameters in hdr.material(109): setting of constant failed
10:53:29: OGRE EXCEPTION(3:RenderingAPIException): Cannot assemble D3D9 high-level shader Ogre/Compositor/HDR/downscale3x3brightpassHLSL_fp in D3D9HLSLProgram::loadFromSource at ..\..\..\..\..\RenderSystems\Direct3D9\src\OgreD3D9HLSLProgram.cpp (line 284)
10:53:29: High-level program Ogre/Compositor/HDR/downscale3x3brightpassHLSL_fp encountered an error during loading and is thus not supported.
OGRE EXCEPTION(3:RenderingAPIException): Cannot assemble D3D9 high-level shader Ogre/Compositor/HDR/downscale3x3brightpassHLSL_fp in D3D9HLSLProgram::loadFromSource at ..\..\..\..\..\RenderSystems\Direct3D9\src\OgreD3D9HLSLProgram.cpp (line 284)
10:53:29: OGRE EXCEPTION(2:InvalidParametersException): Named constants have not been initialised, perhaps a compile error. in GpuProgramParameters::_findNamedConstantDefinition at ..\..\..\..\OgreMain\src\OgreGpuProgramParams.cpp (line 1709)
10:53:29: Compiler error: invalid parameters in hdr.material(188): setting of constant failed
10:53:29: OGRE EXCEPTION(3:RenderingAPIException): Cannot assemble D3D9 high-level shader Ogre/Compositor/HDR/bloomHLSL_fp in D3D9HLSLProgram::loadFromSource at ..\..\..\..\..\RenderSystems\Direct3D9\src\OgreD3D9HLSLProgram.cpp (line 284)
10:53:29: High-level program Ogre/Compositor/HDR/bloomHLSL_fp encountered an error during loading and is thus not supported.
OGRE EXCEPTION(3:RenderingAPIException): Cannot assemble D3D9 high-level shader Ogre/Compositor/HDR/bloomHLSL_fp in D3D9HLSLProgram::loadFromSource at ..\..\..\..\..\RenderSystems\Direct3D9\src\OgreD3D9HLSLProgram.cpp (line 284)
10:53:29: OGRE EXCEPTION(3:RenderingAPIException): Cannot assemble D3D9 high-level shader Ogre/Compositor/HDR/finaltonemappingHLSL_fp in D3D9HLSLProgram::loadFromSource at ..\..\..\..\..\RenderSystems\Direct3D9\src\OgreD3D9HLSLProgram.cpp (line 284)
10:53:29: High-level program Ogre/Compositor/HDR/finaltonemappingHLSL_fp encountered an error during loading and is thus not supported.
OGRE EXCEPTION(3:RenderingAPIException): Cannot assemble D3D9 high-level shader Ogre/Compositor/HDR/finaltonemappingHLSL_fp in D3D9HLSLProgram::loadFromSource at ..\..\..\..\..\RenderSystems\Direct3D9\src\OgreD3D9HLSLProgram.cpp (line 284)
10:53:29: Parsing script HeatVision.material
10:53:29: Parsing script Hurt.material
10:53:29: Parsing script HWInstancing.material
10:53:29: Parsing script HW_VTFInstancing.material
10:53:30: Parsing script HW_VTF_LUTInstancing.material
10:53:30: Parsing script instancing.material
10:53:30: Parsing script InstancingMisc.material
10:53:30: Parsing script Invert.material
10:53:30: Parsing script IsoSurf.material
10:53:30: Parsing script Laplace.material
10:53:30: Parsing script MotionBlur.material
10:53:30: Parsing script MRTtest.material
10:53:30: OGRE EXCEPTION(3:RenderingAPIException): Cannot assemble D3D9 high-level shader Ogre/MRTtest/scenefp/HLSL in D3D9HLSLProgram::loadFromSource at ..\..\..\..\..\RenderSystems\Direct3D9\src\OgreD3D9HLSLProgram.cpp (line 284)
10:53:30: High-level program Ogre/MRTtest/scenefp/HLSL encountered an error during loading and is thus not supported.
OGRE EXCEPTION(3:RenderingAPIException): Cannot assemble D3D9 high-level shader Ogre/MRTtest/scenefp/HLSL in D3D9HLSLProgram::loadFromSource at ..\..\..\..\..\RenderSystems\Direct3D9\src\OgreD3D9HLSLProgram.cpp (line 284)
10:53:30: OGRE EXCEPTION(3:RenderingAPIException): Cannot assemble D3D9 high-level shader Ogre/MRTtest/quadfp/HLSL in D3D9HLSLProgram::loadFromSource at ..\..\..\..\..\RenderSystems\Direct3D9\src\OgreD3D9HLSLProgram.cpp (line 284)
10:53:30: High-level program Ogre/MRTtest/quadfp/HLSL encountered an error during loading and is thus not supported.
OGRE EXCEPTION(3:RenderingAPIException): Cannot assemble D3D9 high-level shader Ogre/MRTtest/quadfp/HLSL in D3D9HLSLProgram::loadFromSource at ..\..\..\..\..\RenderSystems\Direct3D9\src\OgreD3D9HLSLProgram.cpp (line 284)
10:53:30: Parsing script NightVision.material
10:53:30: Parsing script Ocean.material
10:53:30: OGRE EXCEPTION(6:FileNotFoundException): Cannot locate resource oceanHLSL_Cg.vert in resource group General or any other group. in ResourceGroupManager::openResource at ..\..\..\..\OgreMain\src\OgreResourceGroupManager.cpp (line 756)
10:53:30: High-level program HLSL/OceanVS encountered an error during loading and is thus not supported.
OGRE EXCEPTION(6:FileNotFoundException): Cannot locate resource oceanHLSL_Cg.vert in resource group General or any other group. in ResourceGroupManager::openResource at ..\..\..\..\OgreMain\src\OgreResourceGroupManager.cpp (line 756)
10:53:30: OGRE EXCEPTION(2:InvalidParametersException): Named constants have not been initialised, perhaps a compile error. in GpuProgramParameters::_findNamedConstantDefinition at ..\..\..\..\OgreMain\src\OgreGpuProgramParams.cpp (line 1709)
10:53:30: Compiler error: invalid parameters in Ocean.material(10): setting of constant failed
10:53:30: OGRE EXCEPTION(2:InvalidParametersException): Named constants have not been initialised, perhaps a compile error. in GpuProgramParameters::_findNamedConstantDefinition at ..\..\..\..\OgreMain\src\OgreGpuProgramParams.cpp (line 1709)
10:53:30: Compiler error: invalid parameters in Ocean.material(11): setting of constant failed
10:53:30: OGRE EXCEPTION(2:InvalidParametersException): Named constants have not been initialised, perhaps a compile error. in GpuProgramParameters::_findNamedConstantDefinition at ..\..\..\..\OgreMain\src\OgreGpuProgramParams.cpp (line 1709)
10:53:30: Compiler error: invalid parameters in Ocean.material(12): setting of constant failed
10:53:30: OGRE EXCEPTION(2:InvalidParametersException): Named constants have not been initialised, perhaps a compile error. in GpuProgramParameters::_findNamedConstantDefinition at ..\..\..\..\OgreMain\src\OgreGpuProgramParams.cpp (line 1709)
10:53:30: Compiler error: invalid parameters in Ocean.material(13): setting of constant failed
10:53:30: OGRE EXCEPTION(6:FileNotFoundException): Cannot locate resource oceanHLSL_Cg.frag in resource group General or any other group. in ResourceGroupManager::openResource at ..\..\..\..\OgreMain\src\OgreResourceGroupManager.cpp (line 756)
10:53:30: High-level program HLSL/OceanFS encountered an error during loading and is thus not supported.
OGRE EXCEPTION(6:FileNotFoundException): Cannot locate resource oceanHLSL_Cg.frag in resource group General or any other group. in ResourceGroupManager::openResource at ..\..\..\..\OgreMain\src\OgreResourceGroupManager.cpp (line 756)
10:53:30: OGRE EXCEPTION(6:FileNotFoundException): Cannot locate resource Ocean2HLSL_Cg.vert in resource group General or any other group. in ResourceGroupManager::openResource at ..\..\..\..\OgreMain\src\OgreResourceGroupManager.cpp (line 756)
10:53:30: High-level program HLSL/Ocean2VS encountered an error during loading and is thus not supported.
OGRE EXCEPTION(6:FileNotFoundException): Cannot locate resource Ocean2HLSL_Cg.vert in resource group General or any other group. in ResourceGroupManager::openResource at ..\..\..\..\OgreMain\src\OgreResourceGroupManager.cpp (line 756)
10:53:30: OGRE EXCEPTION(2:InvalidParametersException): Named constants have not been initialised, perhaps a compile error. in GpuProgramParameters::_findNamedConstantDefinition at ..\..\..\..\OgreMain\src\OgreGpuProgramParams.cpp (line 1709)
10:53:30: Compiler error: invalid parameters in Ocean.material(327): setting of constant failed
10:53:30: OGRE EXCEPTION(2:InvalidParametersException): Named constants have not been initialised, perhaps a compile error. in GpuProgramParameters::_findNamedConstantDefinition at ..\..\..\..\OgreMain\src\OgreGpuProgramParams.cpp (line 1709)
10:53:30: Compiler error: invalid parameters in Ocean.material(328): setting of constant failed
10:53:30: OGRE EXCEPTION(6:FileNotFoundException): Cannot locate resource Ocean2HLSL_Cg.frag in resource group General or any other group. in ResourceGroupManager::openResource at ..\..\..\..\OgreMain\src\OgreResourceGroupManager.cpp (line 756)
10:53:30: High-level program HLSL/Ocean2FS encountered an error during loading and is thus not supported.
OGRE EXCEPTION(6:FileNotFoundException): Cannot locate resource Ocean2HLSL_Cg.frag in resource group General or any other group. in ResourceGroupManager::openResource at ..\..\..\..\OgreMain\src\OgreResourceGroupManager.cpp (line 756)
10:53:30: Parsing script OffsetMapping.material
10:53:31: OGRE EXCEPTION(3:RenderingAPIException): Cannot assemble D3D9 high-level shader Examples/OffsetMappingIntegratedShadowsVPhlsl in D3D9HLSLProgram::loadFromSource at ..\..\..\..\..\RenderSystems\Direct3D9\src\OgreD3D9HLSLProgram.cpp (line 284)
10:53:31: High-level program Examples/OffsetMappingIntegratedShadowsVPhlsl encountered an error during loading and is thus not supported.
OGRE EXCEPTION(3:RenderingAPIException): Cannot assemble D3D9 high-level shader Examples/OffsetMappingIntegratedShadowsVPhlsl in D3D9HLSLProgram::loadFromSource at ..\..\..\..\..\RenderSystems\Direct3D9\src\OgreD3D9HLSLProgram.cpp (line 284)
10:53:31: OGRE EXCEPTION(2:InvalidParametersException): Named constants have not been initialised, perhaps a compile error. in GpuProgramParameters::_findNamedConstantDefinition at ..\..\..\..\OgreMain\src\OgreGpuProgramParams.cpp (line 1709)
10:53:31: Compiler error: invalid parameters in OffsetMapping.material(437): setting of constant failed
10:53:31: OGRE EXCEPTION(2:InvalidParametersException): Named constants have not been initialised, perhaps a compile error. in GpuProgramParameters::_findNamedConstantDefinition at ..\..\..\..\OgreMain\src\OgreGpuProgramParams.cpp (line 1709)
10:53:31: Compiler error: invalid parameters in OffsetMapping.material(438): setting of constant failed
10:53:31: OGRE EXCEPTION(2:InvalidParametersException): Named constants have not been initialised, perhaps a compile error. in GpuProgramParameters::_findNamedConstantDefinition at ..\..\..\..\OgreMain\src\OgreGpuProgramParams.cpp (line 1709)
10:53:31: Compiler error: invalid parameters in OffsetMapping.material(439): setting of constant failed
10:53:31: OGRE EXCEPTION(2:InvalidParametersException): Named constants have not been initialised, perhaps a compile error. in GpuProgramParameters::_findNamedConstantDefinition at ..\..\..\..\OgreMain\src\OgreGpuProgramParams.cpp (line 1709)
10:53:31: Compiler error: invalid parameters in OffsetMapping.material(440): setting of constant failed
10:53:31: OGRE EXCEPTION(2:InvalidParametersException): Named constants have not been initialised, perhaps a compile error. in GpuProgramParameters::_findNamedConstantDefinition at ..\..\..\..\OgreMain\src\OgreGpuProgramParams.cpp (line 1709)
10:53:31: Compiler error: invalid parameters in OffsetMapping.material(442): setting of constant failed
10:53:31: OGRE EXCEPTION(2:InvalidParametersException): Named constants have not been initialised, perhaps a compile error. in GpuProgramParameters::_findNamedConstantDefinition at ..\..\..\..\OgreMain\src\OgreGpuProgramParams.cpp (line 1709)
10:53:31: Compiler error: invalid parameters in OffsetMapping.material(443): setting of constant failed
10:53:31: OGRE EXCEPTION(2:InvalidParametersException): Named constants have not been initialised, perhaps a compile error. in GpuProgramParameters::_findNamedConstantDefinition at ..\..\..\..\OgreMain\src\OgreGpuProgramParams.cpp (line 1709)
10:53:31: Compiler error: invalid parameters in OffsetMapping.material(445): setting of constant failed
10:53:31: OGRE EXCEPTION(2:InvalidParametersException): Named constants have not been initialised, perhaps a compile error. in GpuProgramParameters::_findNamedConstantDefinition at ..\..\..\..\OgreMain\src\OgreGpuProgramParams.cpp (line 1709)
10:53:31: Compiler error: invalid parameters in OffsetMapping.material(446): setting of constant failed
10:53:31: OGRE EXCEPTION(2:InvalidParametersException): Named constants have not been initialised, perhaps a compile error. in GpuProgramParameters::_findNamedConstantDefinition at ..\..\..\..\OgreMain\src\OgreGpuProgramParams.cpp (line 1709)
10:53:31: Compiler error: invalid parameters in OffsetMapping.material(447): setting of constant failed
10:53:31: OGRE EXCEPTION(3:RenderingAPIException): Cannot assemble D3D9 high-level shader Examples/OffsetMappingIntegratedShadowsFPhlsl in D3D9HLSLProgram::loadFromSource at ..\..\..\..\..\RenderSystems\Direct3D9\src\OgreD3D9HLSLProgram.cpp (line 284)
10:53:31: High-level program Examples/OffsetMappingIntegratedShadowsFPhlsl encountered an error during loading and is thus not supported.
OGRE EXCEPTION(3:RenderingAPIException): Cannot assemble D3D9 high-level shader Examples/OffsetMappingIntegratedShadowsFPhlsl in D3D9HLSLProgram::loadFromSource at ..\..\..\..\..\RenderSystems\Direct3D9\src\OgreD3D9HLSLProgram.cpp (line 284)
10:53:31: OGRE EXCEPTION(2:InvalidParametersException): Named constants have not been initialised, perhaps a compile error. in GpuProgramParameters::_findNamedConstantDefinition at ..\..\..\..\OgreMain\src\OgreGpuProgramParams.cpp (line 1709)
10:53:31: Compiler error: invalid parameters in OffsetMapping.material(453): setting of constant failed
10:53:31: OGRE EXCEPTION(2:InvalidParametersException): Named constants have not been initialised, perhaps a compile error. in GpuProgramParameters::_findNamedConstantDefinition at ..\..\..\..\OgreMain\src\OgreGpuProgramParams.cpp (line 1709)
10:53:31: Compiler error: invalid parameters in OffsetMapping.material(454): setting of constant failed
10:53:31: OGRE EXCEPTION(2:InvalidParametersException): Named constants have not been initialised, perhaps a compile error. in GpuProgramParameters::_findNamedConstantDefinition at ..\..\..\..\OgreMain\src\OgreGpuProgramParams.cpp (line 1709)
10:53:31: Compiler error: invalid parameters in OffsetMapping.material(456): setting of constant failed
10:53:31: OGRE EXCEPTION(2:InvalidParametersException): Named constants have not been initialised, perhaps a compile error. in GpuProgramParameters::_findNamedConstantDefinition at ..\..\..\..\OgreMain\src\OgreGpuProgramParams.cpp (line 1709)
10:53:31: Compiler error: invalid parameters in OffsetMapping.material(457): setting of constant failed
10:53:31: OGRE EXCEPTION(2:InvalidParametersException): Named constants have not been initialised, perhaps a compile error. in GpuProgramParameters::_findNamedConstantDefinition at ..\..\..\..\OgreMain\src\OgreGpuProgramParams.cpp (line 1709)
10:53:31: Compiler error: invalid parameters in OffsetMapping.material(459): setting of constant failed
10:53:31: Parsing script Ogre.material
10:53:31: Parsing script OldMovie.material
10:53:31: Parsing script OldTV.material
10:53:31: Parsing script ParticleGS.material
10:53:31: Parsing script Penguin.material
10:53:31: Parsing script Posterize.material
10:53:31: Parsing script pssm.material
10:53:31: Parsing script RadialBlur.material
10:53:31: Parsing script RasterizationOrder.material
10:53:31: Parsing script RZR-002.material
10:53:31: Parsing script ShaderInstancing.material
10:53:31: Parsing script ShaderSystem.material
10:53:31: Parsing script shadows.material
10:53:31: Parsing script SharpenEdges.material
10:53:31: Parsing script sibenik.material
10:53:31: Parsing script smoke.material
10:53:31: Parsing script Tesselation.material
10:53:31: Parsing script Tiling.material
10:53:31: Parsing script VarianceShadowmap.material
10:53:31: Parsing script VTFInstancing.material
10:53:32: Parsing script Examples.compositor
10:53:32: Finished parsing scripts for resource group General
10:53:32: Creating resources for group General
10:53:32: All done
10:53:32: Parsing scripts for resource group Internal
10:53:32: Finished parsing scripts for resource group Internal
10:53:32: Creating resources for group Internal
10:53:32: All done
10:53:32: Mesh: Loading penguin.mesh.
10:53:32: Skeleton: Loading penguin.skeleton
10:53:32: Texture: penguin.jpg: Loading 1 faces(PF_R8G8B8,512x512x1) Internal format is PF_X8R8G8B8,512x512x1.
10:53:32: Mesh: Loading ninja.mesh.
10:53:32: Skeleton: Loading ninja.skeleton
10:53:32: Texture: nskingr.jpg: Loading 1 faces(PF_R8G8B8,512x512x1) Internal format is PF_X8R8G8B8,512x512x1.
10:53:32: Mesh: Loading WoodPallet.mesh.
10:53:32: Texture: WoodPallet.png: Loading 1 faces(PF_R8G8B8,256x256x1) Internal format is PF_X8R8G8B8,256x256x1.
